ZooAnnouncer: ZooKeeper will wake animals
Waking up animals
---------------------------
Name: Chloe
Type: Cat
Chloe wakes up

Name: Charlie
Type: Cat
Charlie wakes up

Name: Dexter
Type: Dog
Dexter wakes up

Name: Dan
Type: Dog
Dan wakes up

Name: Leo
Type: Lion
Leo wakes up

Name: Lucy
Type: Lion
Lucy wakes up

Name: Harry
Type: Hippo
Harry wakes up

Name: Howard
Type: Hippo
Howard wakes up

Name: Edward
Type: Elephant
Edward wakes up

Name: Eddy
Type: Elephant
Eddy wakes up

Name: Rad
Type: Rhino
Rad wakes up

Name: Ruby
Type: Rhino
Ruby wakes up

Name: Will
Type: Wolf
Will wakes up

Name: Wade
Type: Wolf
Wade wakes up



ZooAnnouncer: ZooKeeper will take a roll call
Roll calling animals
---------------------------
Name: Chloe
Type: Cat
Chloe meows

Name: Charlie
Type: Cat
Charlie meows

Name: Dexter
Type: Dog
Dexter barks

Name: Dan
Type: Dog
Dan barks

Name: Leo
Type: Lion
Leo roars

Name: Lucy
Type: Lion
Lucy roars

Name: Harry
Type: Hippo
Harry grunts

Name: Howard
Type: Hippo
Howard grunts

Name: Edward
Type: Elephant
Edward trumpets

Name: Eddy
Type: Elephant
Eddy trumpets

Name: Rad
Type: Rhino
Rad growls

Name: Ruby
Type: Rhino
Ruby growls

Name: Will
Type: Wolf
Will howls

Name: Wade
Type: Wolf
Wade howls



ZooAnnouncer: ZooKeeper will feed the animals
Feeding the animals
---------------------------
Name: Chloe
Type: Cat
Chloe eats

Name: Charlie
Type: Cat
Charlie eats

Name: Dexter
Type: Dog
Dexter eats

Name: Dan
Type: Dog
Dan eats

Name: Leo
Type: Lion
Leo eats

Name: Lucy
Type: Lion
Lucy eats

Name: Harry
Type: Hippo
Harry eats

Name: Howard
Type: Hippo
Howard eats

Name: Edward
Type: Elephant
Edward eats

Name: Eddy
Type: Elephant
Eddy eats

Name: Rad
Type: Rhino
Rad eats

Name: Ruby
Type: Rhino
Ruby eats

Name: Will
Type: Wolf
Will eats

Name: Wade
Type: Wolf
Wade eats



ZooAnnouncer: ZooKeeper will make animals exercise
Exercising the animals
---------------------------
Name: Chloe
Type: Cat
Chloe sprints

Name: Charlie
Type: Cat
Charlie sprints

Name: Dexter
Type: Dog
Dexter runs

Name: Dan
Type: Dog
Dan runs

Name: Leo
Type: Lion
Leo sprints

Name: Lucy
Type: Lion
Lucy sprints

Name: Harry
Type: Hippo
Harry walks

Name: Howard
Type: Hippo
Howard walks

Name: Edward
Type: Elephant
Edward walks

Name: Eddy
Type: Elephant
Eddy walks

Name: Rad
Type: Rhino
Rad walks

Name: Ruby
Type: Rhino
Ruby walks

Name: Will
Type: Wolf
Will runs

Name: Wade
Type: Wolf
Wade runs



ZooAnnouncer: ZooKeeper will shut down the zoo
Shutting down the zoo
---------------------------
Name: Chloe
Type: Cat
Chloe wakes up

Name: Charlie
Type: Cat
Charlie wakes up

Name: Dexter
Type: Dog
Dexter sleeps

Name: Dan
Type: Dog
Dan sleeps

Name: Leo
Type: Lion
Leo sleeps

Name: Lucy
Type: Lion
Lucy sleeps

Name: Harry
Type: Hippo
Harry sleeps

Name: Howard
Type: Hippo
Howard sleeps

Name: Edward
Type: Elephant
Edward sleeps

Name: Eddy
Type: Elephant
Eddy sleeps

Name: Rad
Type: Rhino
Rad sleeps

Name: Ruby
Type: Rhino
Ruby sleeps

Name: Will
Type: Wolf
Will sleeps

Name: Wade
Type: Wolf
Wade sleeps



